EDA Netlist Writer report for mce2vga
Fri Dec 08 21:17:34 2017
Quartus Prime Version 17.0.0 Build 595 04/25/2017 SJ Lite Edition


---------------------
; Table of Contents ;
---------------------
  1. Legal Notice
  2. EDA Netlist Writer Summary
  3. Simulation Settings
  4. Simulation Generated Files
  5. EDA Netlist Writer Messages



----------------
; Legal Notice ;
----------------
Copyright (C) 2017  Intel Corporation. All rights reserved.
Your use of Intel Corporation's design tools, logic functions 
and other software and tools, and its AMPP partner logic 
functions, and any output files from any of the foregoing 
(including device programming or simulation files), and any 
associated documentation or information are expressly subject 
to the terms and conditions of the Intel Program License 
Subscription Agreement, the Intel Quartus Prime License Agreement,
the Intel MegaCore Function License Agreement, or other 
applicable license agreement, including, without limitation, 
that your use is for the sole purpose of programming logic 
devices manufactured by Intel and sold by Intel or its 
authorized distributors.  Please refer to the applicable 
agreement for further details.



+-------------------------------------------------------------------+
; EDA Netlist Writer Summary                                        ;
+---------------------------+---------------------------------------+
; EDA Netlist Writer Status ; Successful - Fri Dec 08 21:17:34 2017 ;
; Revision Name             ; mce2vga                               ;
; Top-level Entity Name     ; schematic                             ;
; Family                    ; Cyclone IV E                          ;
; Simulation Files Creation ; Successful                            ;
+---------------------------+---------------------------------------+


+----------------------------------------------------------------------------------------------------------------------------+
; Simulation Settings                                                                                                        ;
+---------------------------------------------------------------------------------------------------+------------------------+
; Option                                                                                            ; Setting                ;
+---------------------------------------------------------------------------------------------------+------------------------+
; Tool Name                                                                                         ; ModelSim-Altera (VHDL) ;
; Generate functional simulation netlist                                                            ; Off                    ;
; Time scale                                                                                        ; 1 ps                   ;
; Truncate long hierarchy paths                                                                     ; Off                    ;
; Map illegal HDL characters                                                                        ; Off                    ;
; Flatten buses into individual nodes                                                               ; Off                    ;
; Maintain hierarchy                                                                                ; Off                    ;
; Bring out device-wide set/reset signals as ports                                                  ; Off                    ;
; Enable glitch filtering                                                                           ; Off                    ;
; Do not write top level VHDL entity                                                                ; Off                    ;
; Disable detection of setup and hold time violations in the input registers of bi-directional pins ; Off                    ;
; Architecture name in VHDL output netlist                                                          ; structure              ;
; Generate third-party EDA tool command script for RTL functional simulation                        ; Off                    ;
; Generate third-party EDA tool command script for gate-level simulation                            ; Off                    ;
+---------------------------------------------------------------------------------------------------+------------------------+


+------------------------------------------------------------------------+
; Simulation Generated Files                                             ;
+------------------------------------------------------------------------+
; Generated Files                                                        ;
+------------------------------------------------------------------------+
; C:/src/mce2vga2/simulation/modelsim/mce2vga_8_1200mv_85c_slow.vho      ;
; C:/src/mce2vga2/simulation/modelsim/mce2vga_8_1200mv_0c_slow.vho       ;
; C:/src/mce2vga2/simulation/modelsim/mce2vga_min_1200mv_0c_fast.vho     ;
; C:/src/mce2vga2/simulation/modelsim/mce2vga.vho                        ;
; C:/src/mce2vga2/simulation/modelsim/mce2vga_8_1200mv_85c_vhd_slow.sdo  ;
; C:/src/mce2vga2/simulation/modelsim/mce2vga_8_1200mv_0c_vhd_slow.sdo   ;
; C:/src/mce2vga2/simulation/modelsim/mce2vga_min_1200mv_0c_vhd_fast.sdo ;
; C:/src/mce2vga2/simulation/modelsim/mce2vga_vhd.sdo                    ;
+------------------------------------------------------------------------+


+-----------------------------+
; EDA Netlist Writer Messages ;
+-----------------------------+
Info: *******************************************************************
Info: Running Quartus Prime EDA Netlist Writer
    Info: Version 17.0.0 Build 595 04/25/2017 SJ Lite Edition
    Info: Processing started: Fri Dec 08 21:17:29 2017
Info: Command: quartus_eda --read_settings_files=off --write_settings_files=off MCE2VGA -c mce2vga
Info (204019): Generated file mce2vga_8_1200mv_85c_slow.vho in folder "C:/src/mce2vga2/simulation/modelsim/" for EDA simulation tool
Info (204019): Generated file mce2vga_8_1200mv_0c_slow.vho in folder "C:/src/mce2vga2/simulation/modelsim/" for EDA simulation tool
Info (204019): Generated file mce2vga_min_1200mv_0c_fast.vho in folder "C:/src/mce2vga2/simulation/modelsim/" for EDA simulation tool
Info (204019): Generated file mce2vga.vho in folder "C:/src/mce2vga2/simulation/modelsim/" for EDA simulation tool
Info (204019): Generated file mce2vga_8_1200mv_85c_vhd_slow.sdo in folder "C:/src/mce2vga2/simulation/modelsim/" for EDA simulation tool
Info (204019): Generated file mce2vga_8_1200mv_0c_vhd_slow.sdo in folder "C:/src/mce2vga2/simulation/modelsim/" for EDA simulation tool
Info (204019): Generated file mce2vga_min_1200mv_0c_vhd_fast.sdo in folder "C:/src/mce2vga2/simulation/modelsim/" for EDA simulation tool
Info (204019): Generated file mce2vga_vhd.sdo in folder "C:/src/mce2vga2/simulation/modelsim/" for EDA simulation tool
Info: Quartus Prime EDA Netlist Writer was successful. 0 errors, 0 warnings
    Info: Peak virtual memory: 605 megabytes
    Info: Processing ended: Fri Dec 08 21:17:34 2017
    Info: Elapsed time: 00:00:05
    Info: Total CPU time (on all processors): 00:00:04


