Flow report for mce2vga
Fri Dec 08 21:17:34 2017
Quartus Prime Version 17.0.0 Build 595 04/25/2017 SJ Lite Edition


---------------------
; Table of Contents ;
---------------------
  1. Legal Notice
  2. Flow Summary
  3. Flow Settings
  4. Flow Non-Default Global Settings
  5. Flow Elapsed Time
  6. Flow OS Summary
  7. Flow Log
  8. Flow Messages
  9. Flow Suppressed Messages



----------------
; Legal Notice ;
----------------
Copyright (C) 2017  Intel Corporation. All rights reserved.
Your use of Intel Corporation's design tools, logic functions 
and other software and tools, and its AMPP partner logic 
functions, and any output files from any of the foregoing 
(including device programming or simulation files), and any 
associated documentation or information are expressly subject 
to the terms and conditions of the Intel Program License 
Subscription Agreement, the Intel Quartus Prime License Agreement,
the Intel MegaCore Function License Agreement, or other 
applicable license agreement, including, without limitation, 
that your use is for the sole purpose of programming logic 
devices manufactured by Intel and sold by Intel or its 
authorized distributors.  Please refer to the applicable 
agreement for further details.



+----------------------------------------------------------------------------------+
; Flow Summary                                                                     ;
+------------------------------------+---------------------------------------------+
; Flow Status                        ; Successful - Fri Dec 08 21:17:34 2017       ;
; Quartus Prime Version              ; 17.0.0 Build 595 04/25/2017 SJ Lite Edition ;
; Revision Name                      ; mce2vga                                     ;
; Top-level Entity Name              ; schematic                                   ;
; Family                             ; Cyclone IV E                                ;
; Device                             ; EP4CE6E22C8                                 ;
; Timing Models                      ; Final                                       ;
; Total logic elements               ; 4,088 / 6,272 ( 65 % )                      ;
;     Total combinational functions  ; 3,927 / 6,272 ( 63 % )                      ;
;     Dedicated logic registers      ; 2,141 / 6,272 ( 34 % )                      ;
; Total registers                    ; 2141                                        ;
; Total pins                         ; 75 / 92 ( 82 % )                            ;
; Total virtual pins                 ; 0                                           ;
; Total memory bits                  ; 71,392 / 276,480 ( 26 % )                   ;
; Embedded Multiplier 9-bit elements ; 0 / 30 ( 0 % )                              ;
; Total PLLs                         ; 2 / 2 ( 100 % )                             ;
+------------------------------------+---------------------------------------------+


+-----------------------------------------+
; Flow Settings                           ;
+-------------------+---------------------+
; Option            ; Setting             ;
+-------------------+---------------------+
; Start date & time ; 12/08/2017 21:16:31 ;
; Main task         ; Compilation         ;
; Revision Name     ; mce2vga             ;
+-------------------+---------------------+


+-----------------------------------------------------------------------------------------------------------------------------+
; Flow Non-Default Global Settings                                                                                            ;
+-------------------------------------+----------------------------------------+---------------+-------------+----------------+
; Assignment Name                     ; Value                                  ; Default Value ; Entity Name ; Section Id     ;
+-------------------------------------+----------------------------------------+---------------+-------------+----------------+
; ALLOW_REGISTER_RETIMING             ; Off                                    ; On            ; --          ; --             ;
; COMPILER_SIGNATURE_ID               ; 75361032091281.151279659107752         ; --            ; --          ; --             ;
; EDA_OUTPUT_DATA_FORMAT              ; Vhdl                                   ; --            ; --          ; eda_simulation ;
; EDA_SIMULATION_TOOL                 ; ModelSim-Altera (VHDL)                 ; <None>        ; --          ; --             ;
; FITTER_EFFORT                       ; Standard Fit                           ; Auto Fit      ; --          ; --             ;
; MAX_CORE_JUNCTION_TEMP              ; 85                                     ; --            ; --          ; --             ;
; MIN_CORE_JUNCTION_TEMP              ; 0                                      ; --            ; --          ; --             ;
; MISC_FILE                           ; pll1.bsf                               ; --            ; --          ; --             ;
; MISC_FILE                           ; pll1.cmp                               ; --            ; --          ; --             ;
; MISC_FILE                           ; pll1.ppf                               ; --            ; --          ; --             ;
; MISC_FILE                           ; pll2.bsf                               ; --            ; --          ; --             ;
; MISC_FILE                           ; pll2.cmp                               ; --            ; --          ; --             ;
; MISC_FILE                           ; pll2.ppf                               ; --            ; --          ; --             ;
; MUX_RESTRUCTURE                     ; Off                                    ; Auto          ; --          ; --             ;
; NUM_PARALLEL_PROCESSORS             ; All                                    ; --            ; --          ; --             ;
; OPTIMIZATION_MODE                   ; Aggressive Performance                 ; Balanced      ; --          ; --             ;
; OUTPUT_IO_TIMING_FAR_END_VMEAS      ; Half Signal Swing                      ; --            ; --          ; --             ;
; OUTPUT_IO_TIMING_FAR_END_VMEAS      ; Half Signal Swing                      ; --            ; --          ; --             ;
; OUTPUT_IO_TIMING_NEAR_END_VMEAS     ; Half Vccio                             ; --            ; --          ; --             ;
; OUTPUT_IO_TIMING_NEAR_END_VMEAS     ; Half Vccio                             ; --            ; --          ; --             ;
; PARTITION_COLOR                     ; -- (Not supported for targeted family) ; --            ; schematic   ; Top            ;
; PARTITION_FITTER_PRESERVATION_LEVEL ; -- (Not supported for targeted family) ; --            ; schematic   ; Top            ;
; PARTITION_NETLIST_TYPE              ; -- (Not supported for targeted family) ; --            ; schematic   ; Top            ;
; PHYSICAL_SYNTHESIS_COMBO_LOGIC      ; On                                     ; Off           ; --          ; --             ;
; PLACEMENT_EFFORT_MULTIPLIER         ; 4.0                                    ; 1.0           ; --          ; --             ;
; POWER_BOARD_THERMAL_MODEL           ; None (CONSERVATIVE)                    ; --            ; --          ; --             ;
; POWER_PRESET_COOLING_SOLUTION       ; 23 MM HEAT SINK WITH 200 LFPM AIRFLOW  ; --            ; --          ; --             ;
; PROJECT_OUTPUT_DIRECTORY            ; output_files                           ; --            ; --          ; --             ;
; ROUTER_TIMING_OPTIMIZATION_LEVEL    ; MAXIMUM                                ; Normal        ; --          ; --             ;
; TOP_LEVEL_ENTITY                    ; schematic                              ; mce2vga       ; --          ; --             ;
+-------------------------------------+----------------------------------------+---------------+-------------+----------------+


+-------------------------------------------------------------------------------------------------------------------------------+
; Flow Elapsed Time                                                                                                             ;
+---------------------------+--------------+-------------------------+---------------------+------------------------------------+
; Module Name               ; Elapsed Time ; Average Processors Used ; Peak Virtual Memory ; Total CPU Time (on all processors) ;
+---------------------------+--------------+-------------------------+---------------------+------------------------------------+
; Analysis & Synthesis      ; 00:00:20     ; 1.0                     ; 792 MB              ; 00:00:30                           ;
; Fitter                    ; 00:00:28     ; 1.1                     ; 1464 MB             ; 00:00:44                           ;
; Assembler                 ; 00:00:01     ; 1.0                     ; 610 MB              ; 00:00:01                           ;
; TimeQuest Timing Analyzer ; 00:00:04     ; 1.2                     ; 720 MB              ; 00:00:04                           ;
; EDA Netlist Writer        ; 00:00:05     ; 1.0                     ; 605 MB              ; 00:00:04                           ;
; Total                     ; 00:00:58     ; --                      ; --                  ; 00:01:23                           ;
+---------------------------+--------------+-------------------------+---------------------+------------------------------------+


+-----------------------------------------------------------------------------------------+
; Flow OS Summary                                                                         ;
+---------------------------+------------------+------------+------------+----------------+
; Module Name               ; Machine Hostname ; OS Name    ; OS Version ; Processor type ;
+---------------------------+------------------+------------+------------+----------------+
; Analysis & Synthesis      ; DESKTOP-0F13MON  ; Windows 10 ; 10.0       ; x86_64         ;
; Fitter                    ; DESKTOP-0F13MON  ; Windows 10 ; 10.0       ; x86_64         ;
; Assembler                 ; DESKTOP-0F13MON  ; Windows 10 ; 10.0       ; x86_64         ;
; TimeQuest Timing Analyzer ; DESKTOP-0F13MON  ; Windows 10 ; 10.0       ; x86_64         ;
; EDA Netlist Writer        ; DESKTOP-0F13MON  ; Windows 10 ; 10.0       ; x86_64         ;
+---------------------------+------------------+------------+------------+----------------+


------------
; Flow Log ;
------------
quartus_map --read_settings_files=on --write_settings_files=off MCE2VGA -c mce2vga
quartus_fit --read_settings_files=off --write_settings_files=off MCE2VGA -c mce2vga
quartus_asm --read_settings_files=off --write_settings_files=off MCE2VGA -c mce2vga
quartus_sta MCE2VGA -c mce2vga
quartus_eda --read_settings_files=off --write_settings_files=off MCE2VGA -c mce2vga



